#
# There is insufficient memory for the Java Runtime Environment to continue.
# Native memory allocation (malloc) failed to allocate 742976 bytes for Chunk::new
# Possible reasons:
#   The system is out of physical RAM or swap space
#   In 32 bit mode, the process size limit was hit
# Possible solutions:
#   Reduce memory load on the system
#   Increase physical memory or swap space
#   Check if swap backing store is full
#   Use 64 bit Java on a 64 bit OS
#   Decrease Java heap size (-Xmx/-Xms)
#   Decrease number of Java threads
#   Decrease Java thread stack sizes (-Xss)
#   Set larger code cache with -XX:ReservedCodeCacheSize=
# This output file may be truncated or incomplete.
#
#  Out of Memory Error (allocation.cpp:390), pid=7380, tid=0x0000000000002394
#
# JRE version: OpenJDK Runtime Environment (8.0) (build 1.8.0-adoptopenjdk-_2018_05_19_00_59-b00)
# Java VM: OpenJDK 64-Bit Server VM (25.71-b00 mixed mode windows-amd64 compressed oops)
# Failed to write core dump. Minidumps are not enabled by default on client versions of Windows
#

---------------  T H R E A D  ---------------

Current thread (0x0000000016d4b000):  JavaThread "C2 CompilerThread2" daemon [_thread_in_native, id=9108, stack(0x0000000017710000,0x0000000017810000)]

Stack: [0x0000000017710000,0x0000000017810000]
[error occurred during error reporting (printing stack bounds), id 0xc0000005]

Native frames: (J=compiled Java code, j=interpreted, Vv=VM code, C=native code)


Current CompileTask:
C2:   3740 2418   !   4       com.sun.org.apache.xerces.internal.impl.XMLDocumentFragmentScannerImpl$FragmentContentDriver::next (2346 bytes)


---------------  P R O C E S S  ---------------

Java Threads: ( => current thread )
  0x0000000018ae5800 JavaThread "Keep-Alive-Timer" daemon [_thread_blocked, id=14704, stack(0x0000000019e20000,0x0000000019f20000)]
  0x0000000016dd3800 JavaThread "Service Thread" daemon [_thread_blocked, id=18088, stack(0x0000000017910000,0x0000000017a10000)]
  0x0000000016d4d800 JavaThread "C1 CompilerThread3" daemon [_thread_blocked, id=21292, stack(0x0000000017810000,0x0000000017910000)]
=>0x0000000016d4b000 JavaThread "C2 CompilerThread2" daemon [_thread_in_native, id=9108, stack(0x0000000017710000,0x0000000017810000)]
  0x0000000016d49800 JavaThread "C2 CompilerThread1" daemon [_thread_blocked, id=8080, stack(0x0000000017610000,0x0000000017710000)]
  0x0000000016d43000 JavaThread "C2 CompilerThread0" daemon [_thread_blocked, id=3420, stack(0x0000000017510000,0x0000000017610000)]
  0x0000000016d41800 JavaThread "Attach Listener" daemon [_thread_blocked, id=11088, stack(0x0000000017410000,0x0000000017510000)]
  0x0000000016d41000 JavaThread "Signal Dispatcher" daemon [_thread_blocked, id=21440, stack(0x0000000017310000,0x0000000017410000)]
  0x0000000016d30800 JavaThread "Finalizer" daemon [_thread_blocked, id=19536, stack(0x0000000017110000,0x0000000017210000)]
  0x00000000025fc000 JavaThread "Reference Handler" daemon [_thread_blocked, id=20784, stack(0x0000000016c10000,0x0000000016d10000)]
  0x0000000002504800 JavaThread "main" [_thread_in_native, id=17452, stack(0x0000000002320000,0x0000000002420000)]

Other Threads:
  0x0000000014e17800 VMThread [stack: 0x0000000016b10000,0x0000000016c10000] [id=16892]
  0x0000000016d65800 WatcherThread [stack: 0x0000000017a10000,0x0000000017b10000] [id=18580]

VM state:not at safepoint (normal execution)

VM Mutex/Monitor currently owned by a thread: None

Heap:
 PSYoungGen      total 17920K, used 3248K [0x00000000ec600000, 0x00000000eda00000, 0x0000000100000000)
  eden space 15360K, 4% used [0x00000000ec600000,0x00000000ec6aef38,0x00000000ed500000)
  from space 2560K, 99% used [0x00000000ed780000,0x00000000ed9fd1b0,0x00000000eda00000)
  to   space 2560K, 0% used [0x00000000ed500000,0x00000000ed500000,0x00000000ed780000)
 ParOldGen       total 40960K, used 6954K [0x00000000c5200000, 0x00000000c7a00000, 0x00000000ec600000)
  object space 40960K, 16% used [0x00000000c5200000,0x00000000c58cab30,0x00000000c7a00000)
 Metaspace       used 17159K, capacity 17572K, committed 17792K, reserved 1064960K
  class space    used 1958K, capacity 2076K, committed 2176K, reserved 1048576K

Card table byte_map: [0x00000000119c0000,0x0000000011ba0000] byte_map_base: 0x0000000011397000

Marking Bits: (ParMarkBitMap*) 0x00000000755fbe50
 Begin Bits: [0x00000000124e0000, 0x0000000013398000)
 End Bits:   [0x0000000013398000, 0x0000000014250000)

Polling page: 0x0000000000ad0000

CodeCache: size=245760Kb used=8559Kb max_used=8572Kb free=237200Kb
 bounds [0x0000000002600000, 0x0000000002e70000, 0x0000000011600000]
 total_blobs=2856 nmethods=2437 adapters=332
 compilation: enabled

Compilation events (10 events):
Event: 3.709 Thread 0x0000000016d4d800 nmethod 2434 0x0000000002e4cb10 code [0x0000000002e4cc60, 0x0000000002e4cd70]
Event: 3.709 Thread 0x0000000016d4d800 2435       3       java.nio.CharBuffer::arrayOffset (35 bytes)
Event: 3.709 Thread 0x0000000016d4d800 nmethod 2435 0x0000000002e4c510 code [0x0000000002e4c6a0, 0x0000000002e4c9b8]
Event: 3.709 Thread 0x0000000016d4d800 2437       3       java.nio.charset.CoderResult::isUnderflow (13 bytes)
Event: 3.709 Thread 0x0000000016d4d800 nmethod 2437 0x0000000002e61110 code [0x0000000002e61260, 0x0000000002e61410]
Event: 3.709 Thread 0x0000000016d4d800 2436       3       java.nio.ByteBuffer::array (35 bytes)
Event: 3.709 Thread 0x0000000016d4d800 nmethod 2436 0x0000000002e60b10 code [0x0000000002e60ca0, 0x0000000002e60fb8]
Event: 3.709 Thread 0x0000000016d4d800 2438  s    1       sun.security.ssl.SSLSocketImpl::getConnectionState (5 bytes)
Event: 3.709 Thread 0x0000000016d4d800 nmethod 2438 0x0000000002e606d0 code [0x0000000002e60820, 0x0000000002e60a90]
Event: 3.715 Thread 0x0000000016d43000 nmethod 2424 0x0000000002e65710 code [0x0000000002e659c0, 0x0000000002e66450]

GC Heap History (10 events):
Event: 1.629 GC heap before
{Heap before GC invocations=2 (full 0):
 PSYoungGen      total 17920K, used 17914K [0x00000000ec600000, 0x00000000eda00000, 0x0000000100000000)
  eden space 15360K, 100% used [0x00000000ec600000,0x00000000ed500000,0x00000000ed500000)
  from space 2560K, 99% used [0x00000000ed500000,0x00000000ed77e8a8,0x00000000ed780000)
  to   space 2560K, 0% used [0x00000000ed780000,0x00000000ed780000,0x00000000eda00000)
 ParOldGen       total 40960K, used 765K [0x00000000c5200000, 0x00000000c7a00000, 0x00000000ec600000)
  object space 40960K, 1% used [0x00000000c5200000,0x00000000c52bf638,0x00000000c7a00000)
 Metaspace       used 14621K, capacity 14974K, committed 15232K, reserved 1062912K
  class space    used 1728K, capacity 1853K, committed 1920K, reserved 1048576K
Event: 1.640 GC heap after
Heap after GC invocations=2 (full 0):
 PSYoungGen      total 17920K, used 2544K [0x00000000ec600000, 0x00000000ee900000, 0x0000000100000000)
  eden space 15360K, 0% used [0x00000000ec600000,0x00000000ec600000,0x00000000ed500000)
  from space 2560K, 99% used [0x00000000ed780000,0x00000000ed9fc050,0x00000000eda00000)
  to   space 2560K, 0% used [0x00000000ed500000,0x00000000ed500000,0x00000000ed780000)
 ParOldGen       total 40960K, used 2966K [0x00000000c5200000, 0x00000000c7a00000, 0x00000000ec600000)
  object space 40960K, 7% used [0x00000000c5200000,0x00000000c54e5ba8,0x00000000c7a00000)
 Metaspace       used 14621K, capacity 14974K, committed 15232K, reserved 1062912K
  class space    used 1728K, capacity 1853K, committed 1920K, reserved 1048576K
}
Event: 2.755 GC heap before
{Heap before GC invocations=3 (full 0):
 PSYoungGen      total 17920K, used 17904K [0x00000000ec600000, 0x00000000ee900000, 0x0000000100000000)
  eden space 15360K, 100% used [0x00000000ec600000,0x00000000ed500000,0x00000000ed500000)
  from space 2560K, 99% used [0x00000000ed780000,0x00000000ed9fc050,0x00000000eda00000)
  to   space 2560K, 0% used [0x00000000ed500000,0x00000000ed500000,0x00000000ed780000)
 ParOldGen       total 40960K, used 2966K [0x00000000c5200000, 0x00000000c7a00000, 0x00000000ec600000)
  object space 40960K, 7% used [0x00000000c5200000,0x00000000c54e5ba8,0x00000000c7a00000)
 Metaspace       used 16767K, capacity 17074K, committed 17280K, reserved 1064960K
  class space    used 1946K, capacity 2057K, committed 2176K, reserved 1048576K
Event: 2.763 GC heap after
Heap after GC invocations=3 (full 0):
 PSYoungGen      total 17920K, used 2555K [0x00000000ec600000, 0x00000000eda00000, 0x0000000100000000)
  eden space 15360K, 0% used [0x00000000ec600000,0x00000000ec600000,0x00000000ed500000)
  from space 2560K, 99% used [0x00000000ed500000,0x00000000ed77eed8,0x00000000ed780000)
  to   space 2560K, 0% used [0x00000000ed780000,0x00000000ed780000,0x00000000eda00000)
 ParOldGen       total 40960K, used 4835K [0x00000000c5200000, 0x00000000c7a00000, 0x00000000ec600000)
  object space 40960K, 11% used [0x00000000c5200000,0x00000000c56b8f50,0x00000000c7a00000)
 Metaspace       used 16767K, capacity 17074K, committed 17280K, reserved 1064960K
  class space    used 1946K, capacity 2057K, committed 2176K, reserved 1048576K
}
Event: 3.234 GC heap before
{Heap before GC invocations=4 (full 0):
 PSYoungGen      total 17920K, used 17915K [0x00000000ec600000, 0x00000000eda00000, 0x0000000100000000)
  eden space 15360K, 100% used [0x00000000ec600000,0x00000000ed500000,0x00000000ed500000)
  from space 2560K, 99% used [0x00000000ed500000,0x00000000ed77eed8,0x00000000ed780000)
  to   space 2560K, 0% used [0x00000000ed780000,0x00000000ed780000,0x00000000eda00000)
 ParOldGen       total 40960K, used 4835K [0x00000000c5200000, 0x00000000c7a00000, 0x00000000ec600000)
  object space 40960K, 11% used [0x00000000c5200000,0x00000000c56b8f50,0x00000000c7a00000)
 Metaspace       used 17080K, capacity 17478K, committed 17792K, reserved 1064960K
  class space    used 1956K, capacity 2071K, committed 2176K, reserved 1048576K
Event: 3.237 GC heap after
Heap after GC invocations=4 (full 0):
 PSYoungGen      total 17920K, used 2541K [0x00000000ec600000, 0x00000000eda00000, 0x0000000100000000)
  eden space 15360K, 0% used [0x00000000ec600000,0x00000000ec600000,0x00000000ed500000)
  from space 2560K, 99% used [0x00000000ed780000,0x00000000ed9fb520,0x00000000eda00000)
  to   space 2560K, 0% used [0x00000000ed500000,0x00000000ed500000,0x00000000ed780000)
 ParOldGen       total 40960K, used 5602K [0x00000000c5200000, 0x00000000c7a00000, 0x00000000ec600000)
  object space 40960K, 13% used [0x00000000c5200000,0x00000000c5778aa8,0x00000000c7a00000)
 Metaspace       used 17080K, capacity 17478K, committed 17792K, reserved 1064960K
  class space    used 1956K, capacity 2071K, committed 2176K, reserved 1048576K
}
Event: 3.460 GC heap before
{Heap before GC invocations=5 (full 0):
 PSYoungGen      total 17920K, used 17901K [0x00000000ec600000, 0x00000000eda00000, 0x0000000100000000)
  eden space 15360K, 100% used [0x00000000ec600000,0x00000000ed500000,0x00000000ed500000)
  from space 2560K, 99% used [0x00000000ed780000,0x00000000ed9fb520,0x00000000eda00000)
  to   space 2560K, 0% used [0x00000000ed500000,0x00000000ed500000,0x00000000ed780000)
 ParOldGen       total 40960K, used 5602K [0x00000000c5200000, 0x00000000c7a00000, 0x00000000ec600000)
  object space 40960K, 13% used [0x00000000c5200000,0x00000000c5778aa8,0x00000000c7a00000)
 Metaspace       used 17119K, capacity 17572K, committed 17792K, reserved 1064960K
  class space    used 1958K, capacity 2076K, committed 2176K, reserved 1048576K
Event: 3.463 GC heap after
Heap after GC invocations=5 (full 0):
 PSYoungGen      total 17920K, used 2557K [0x00000000ec600000, 0x00000000eda00000, 0x0000000100000000)
  eden space 15360K, 0% used [0x00000000ec600000,0x00000000ec600000,0x00000000ed500000)
  from space 2560K, 99% used [0x00000000ed500000,0x00000000ed77f510,0x00000000ed780000)
  to   space 2560K, 0% used [0x00000000ed780000,0x00000000ed780000,0x00000000eda00000)
 ParOldGen       total 40960K, used 6339K [0x00000000c5200000, 0x00000000c7a00000, 0x00000000ec600000)
  object space 40960K, 15% used [0x00000000c5200000,0x00000000c5830e80,0x00000000c7a00000)
 Metaspace       used 17119K, capacity 17572K, committed 17792K, reserved 1064960K
  class space    used 1958K, capacity 2076K, committed 2176K, reserved 1048576K
}
Event: 3.695 GC heap before
{Heap before GC invocations=6 (full 0):
 PSYoungGen      total 17920K, used 17917K [0x00000000ec600000, 0x00000000eda00000, 0x0000000100000000)
  eden space 15360K, 100% used [0x00000000ec600000,0x00000000ed500000,0x00000000ed500000)
  from space 2560K, 99% used [0x00000000ed500000,0x00000000ed77f510,0x00000000ed780000)
  to   space 2560K, 0% used [0x00000000ed780000,0x00000000ed780000,0x00000000eda00000)
 ParOldGen       total 40960K, used 6339K [0x00000000c5200000, 0x00000000c7a00000, 0x00000000ec600000)
  object space 40960K, 15% used [0x00000000c5200000,0x00000000c5830e80,0x00000000c7a00000)
 Metaspace       used 17153K, capacity 17572K, committed 17792K, reserved 1064960K
  class space    used 1958K, capacity 2076K, committed 2176K, reserved 1048576K
Event: 3.700 GC heap after
Heap after GC invocations=6 (full 0):
 PSYoungGen      total 17920K, used 2548K [0x00000000ec600000, 0x00000000eda00000, 0x0000000100000000)
  eden space 15360K, 0% used [0x00000000ec600000,0x00000000ec600000,0x00000000ed500000)
  from space 2560K, 99% used [0x00000000ed780000,0x00000000ed9fd1b0,0x00000000eda00000)
  to   space 2560K, 0% used [0x00000000ed500000,0x00000000ed500000,0x00000000ed780000)
 ParOldGen       total 40960K, used 6954K [0x00000000c5200000, 0x00000000c7a00000, 0x00000000ec600000)
  object space 40960K, 16% used [0x00000000c5200000,0x00000000c58cab30,0x00000000c7a00000)
 Metaspace       used 17153K, capacity 17572K, committed 17792K, reserved 1064960K
  class space    used 1958K, capacity 2076K, committed 2176K, reserved 1048576K
}

Deoptimization events (10 events):
Event: 2.719 Thread 0x0000000002504800 Uncommon trap: reason=unstable_if action=reinterpret pc=0x0000000002c4c570 method=com.sun.org.apache.xerces.internal.impl.XMLEntityScanner.peekChar()I @ 14
Event: 2.735 Thread 0x0000000002504800 Uncommon trap: reason=unstable_if action=reinterpret pc=0x0000000002c4d7a8 method=com.sun.org.apache.xerces.internal.impl.io.UTF8Reader.read([CII)I @ 131
Event: 2.738 Thread 0x0000000002504800 Uncommon trap: reason=unstable_if action=reinterpret pc=0x0000000002c4c028 method=com.sun.org.apache.xerces.internal.impl.io.UTF8Reader.read([CII)I @ 131
Event: 2.739 Thread 0x0000000002504800 Uncommon trap: reason=unstable_if action=reinterpret pc=0x0000000002c61bcc method=java.util.regex.Pattern$Ctype.isSatisfiedBy(I)Z @ 4
Event: 2.742 Thread 0x0000000002504800 Uncommon trap: reason=unstable_if action=reinterpret pc=0x0000000002c76880 method=java.util.regex.Pattern$NotBehind.match(Ljava/util/regex/Matcher;ILjava/lang/CharSequence;)Z @ 128
Event: 2.766 Thread 0x0000000002504800 Uncommon trap: reason=unstable_if action=reinterpret pc=0x0000000002c723f0 method=java.util.regex.Matcher.find()Z @ 34
Event: 2.969 Thread 0x0000000002504800 Uncommon trap: reason=unstable_if action=reinterpret pc=0x0000000002c95794 method=java.lang.AbstractStringBuilder.append(Ljava/lang/CharSequence;)Ljava/lang/AbstractStringBuilder; @ 13
Event: 3.609 Thread 0x0000000002504800 Uncommon trap: reason=unstable_if action=reinterpret pc=0x0000000002cac098 method=com.sun.org.apache.xerces.internal.impl.XMLEntityScanner.scanContent(Lcom/sun/org/apache/xerces/internal/xni/XMLString;)I @ 44
Event: 3.609 Thread 0x0000000002504800 Uncommon trap: reason=unstable_if action=reinterpret pc=0x0000000002d8989c method=com.sun.org.apache.xerces.internal.impl.XMLDocumentFragmentScannerImpl$FragmentContentDriver.next()I @ 823
Event: 3.684 Thread 0x0000000002504800 Uncommon trap: reason=unstable_if action=reinterpret pc=0x0000000002e450a0 method=com.sun.org.apache.xerces.internal.impl.XMLEntityScanner.scanContent(Lcom/sun/org/apache/xerces/internal/xni/XMLString;)I @ 418

Classes redefined (0 events):
No events

Internal exceptions (10 events):
Event: 1.261 Thread 0x0000000002504800 Exception <a 'sun/nio/fs/WindowsException'> (0x00000000ecbd9278) thrown at [C:\Users\jenkins\workspace\openjdk8_build_x86-64_windows\openjdk\hotspot\src\share\vm\prims\jni.cpp, line 709]
Event: 1.261 Thread 0x0000000002504800 Exception <a 'sun/nio/fs/WindowsException'> (0x00000000ecbd9b98) thrown at [C:\Users\jenkins\workspace\openjdk8_build_x86-64_windows\openjdk\hotspot\src\share\vm\prims\jni.cpp, line 709]
Event: 1.261 Thread 0x0000000002504800 Exception <a 'sun/nio/fs/WindowsException'> (0x00000000ecbda488) thrown at [C:\Users\jenkins\workspace\openjdk8_build_x86-64_windows\openjdk\hotspot\src\share\vm\prims\jni.cpp, line 709]
Event: 1.261 Thread 0x0000000002504800 Exception <a 'sun/nio/fs/WindowsException'> (0x00000000ecbdab60) thrown at [C:\Users\jenkins\workspace\openjdk8_build_x86-64_windows\openjdk\hotspot\src\share\vm\prims\jni.cpp, line 709]
Event: 1.261 Thread 0x0000000002504800 Exception <a 'sun/nio/fs/WindowsException'> (0x00000000ecbdb538) thrown at [C:\Users\jenkins\workspace\openjdk8_build_x86-64_windows\openjdk\hotspot\src\share\vm\prims\jni.cpp, line 709]
Event: 1.262 Thread 0x0000000002504800 Exception <a 'sun/nio/fs/WindowsException'> (0x00000000ecbdc8f8) thrown at [C:\Users\jenkins\workspace\openjdk8_build_x86-64_windows\openjdk\hotspot\src\share\vm\prims\jni.cpp, line 709]
Event: 1.262 Thread 0x0000000002504800 Exception <a 'sun/nio/fs/WindowsException'> (0x00000000ecbdcfc8) thrown at [C:\Users\jenkins\workspace\openjdk8_build_x86-64_windows\openjdk\hotspot\src\share\vm\prims\jni.cpp, line 709]
Event: 2.400 Thread 0x0000000002504800 Implicit null exception at 0x0000000002b75bd8 to 0x0000000002b75d1d
Event: 2.511 Thread 0x0000000002504800 Exception <a 'java/lang/ClassNotFoundException': com/sun/org/glassfish/hk2/osgiresourcelocator/ServiceLoader> (0x00000000ecdb64d0) thrown at [C:\Users\jenkins\workspace\openjdk8_build_x86-64_windows\openjdk\hotspot\src\share\vm\classfile\systemDictionary.
Event: 2.649 Thread 0x0000000002504800 Exception <a 'java/lang/ClassNotFoundException': com/sun/org/glassfish/hk2/osgiresourcelocator/ServiceLoader> (0x00000000ecfb5538) thrown at [C:\Users\jenkins\workspace\openjdk8_build_x86-64_windows\openjdk\hotspot\src\share\vm\classfile\systemDictionary.

Events (10 events):
Event: 3.679 Thread 0x0000000002504800 DEOPT UNPACKING pc=0x00000000026475d0 sp=0x000000000241e3f0 mode 0
Event: 3.684 Thread 0x0000000002504800 Uncommon trap: trap_request=0xffffff65 fr.pc=0x0000000002e450a0
Event: 3.684 Thread 0x0000000002504800 DEOPT PACKING pc=0x0000000002e450a0 sp=0x000000000241e7a0
Event: 3.684 Thread 0x0000000002504800 DEOPT UNPACKING pc=0x000000000264557b sp=0x000000000241e748 mode 2
Event: 3.689 Thread 0x0000000002504800 DEOPT PACKING pc=0x0000000002e4ad00 sp=0x000000000241e780
Event: 3.689 Thread 0x0000000002504800 DEOPT UNPACKING pc=0x00000000026475d0 sp=0x000000000241e4c0 mode 0
Event: 3.694 Thread 0x0000000002504800 DEOPT PACKING pc=0x0000000002e4ad00 sp=0x000000000241e780
Event: 3.694 Thread 0x0000000002504800 DEOPT UNPACKING pc=0x00000000026475d0 sp=0x000000000241e4c0 mode 0
Event: 3.695 Executing VM operation: ParallelGCFailedAllocation
Event: 3.700 Executing VM operation: ParallelGCFailedAllocation done


Dynamic libraries:
0x00007ff742e50000 - 0x00007ff742e85000 	E:\UHE\2021.3.27f1\Editor\Data\PlaybackEngines\AndroidPlayer\OpenJDK\bin\java.exe
0x00007ffa83420000 - 0x00007ffa83629000 	C:\WINDOWS\SYSTEM32\ntdll.dll
0x00007ffa82a20000 - 0x00007ffa82ade000 	C:\WINDOWS\System32\KERNEL32.DLL
0x00007ffa80f00000 - 0x00007ffa81284000 	C:\WINDOWS\System32\KERNELBASE.dll
0x00007ffa82170000 - 0x00007ffa8221f000 	C:\WINDOWS\System32\ADVAPI32.dll
0x00007ffa82c40000 - 0x00007ffa82ce3000 	C:\WINDOWS\System32\msvcrt.dll
0x00007ffa812b0000 - 0x00007ffa8134e000 	C:\WINDOWS\System32\sechost.dll
0x00007ffa82040000 - 0x00007ffa82161000 	C:\WINDOWS\System32\RPCRT4.dll
0x00007ffa81b80000 - 0x00007ffa81d2d000 	C:\WINDOWS\System32\USER32.dll
0x00007ffa80ba0000 - 0x00007ffa80bc6000 	C:\WINDOWS\System32\win32u.dll
0x00007ffa81ef0000 - 0x00007ffa81f1a000 	C:\WINDOWS\System32\GDI32.dll
0x00007ffa809c0000 - 0x00007ffa80adf000 	C:\WINDOWS\System32\gdi32full.dll
0x00007ffa80d40000 - 0x00007ffa80ddd000 	C:\WINDOWS\System32\msvcp_win.dll
0x00007ffa80de0000 - 0x00007ffa80ef1000 	C:\WINDOWS\System32\ucrtbase.dll
0x00007ffa62650000 - 0x00007ffa628f5000 	C:\WINDOWS\WinSxS\amd64_microsoft.windows.common-controls_6595b64144ccf1df_6.0.22000.120_none_9d947278b86cc467\COMCTL32.dll
0x00007ffa82b60000 - 0x00007ffa82b91000 	C:\WINDOWS\System32\IMM32.DLL
0x0000000075680000 - 0x0000000075752000 	E:\UHE\2021.3.27f1\Editor\Data\PlaybackEngines\AndroidPlayer\OpenJDK\jre\bin\msvcr100.dll
0x0000000074e30000 - 0x0000000075679000 	E:\UHE\2021.3.27f1\Editor\Data\PlaybackEngines\AndroidPlayer\OpenJDK\jre\bin\server\jvm.dll
0x00007ffa82d60000 - 0x00007ffa82d68000 	C:\WINDOWS\System32\PSAPI.DLL
0x00007ffa792f0000 - 0x00007ffa792fa000 	C:\WINDOWS\SYSTEM32\VERSION.dll
0x00007ffa7a510000 - 0x00007ffa7a543000 	C:\WINDOWS\SYSTEM32\WINMM.dll
0x00007ffa7c8d0000 - 0x00007ffa7c8d9000 	C:\WINDOWS\SYSTEM32\WSOCK32.dll
0x00007ffa82cf0000 - 0x00007ffa82d5f000 	C:\WINDOWS\System32\WS2_32.dll
0x00007ffa7cfe0000 - 0x00007ffa7cfef000 	E:\UHE\2021.3.27f1\Editor\Data\PlaybackEngines\AndroidPlayer\OpenJDK\jre\bin\verify.dll
0x00007ffa3aac0000 - 0x00007ffa3aae9000 	E:\UHE\2021.3.27f1\Editor\Data\PlaybackEngines\AndroidPlayer\OpenJDK\jre\bin\java.dll
0x00007ffa53a40000 - 0x00007ffa53a56000 	E:\UHE\2021.3.27f1\Editor\Data\PlaybackEngines\AndroidPlayer\OpenJDK\jre\bin\zip.dll
0x00007ffa81350000 - 0x00007ffa81b15000 	C:\WINDOWS\System32\SHELL32.dll
0x00007ffa7e9b0000 - 0x00007ffa7f214000 	C:\WINDOWS\SYSTEM32\windows.storage.dll
0x00007ffa82d70000 - 0x00007ffa830e6000 	C:\WINDOWS\System32\combase.dll
0x00007ffa7e840000 - 0x00007ffa7e9a7000 	C:\WINDOWS\SYSTEM32\wintypes.dll
0x00007ffa82720000 - 0x00007ffa8280a000 	C:\WINDOWS\System32\SHCORE.dll
0x00007ffa83100000 - 0x00007ffa8315d000 	C:\WINDOWS\System32\shlwapi.dll
0x00007ffa80800000 - 0x00007ffa80821000 	C:\WINDOWS\SYSTEM32\profapi.dll
0x00007ffa451e0000 - 0x00007ffa451fa000 	E:\UHE\2021.3.27f1\Editor\Data\PlaybackEngines\AndroidPlayer\OpenJDK\jre\bin\net.dll
0x00007ffa7fdf0000 - 0x00007ffa7fe57000 	C:\WINDOWS\system32\mswsock.dll
0x00007ffa3aaa0000 - 0x00007ffa3aab1000 	E:\UHE\2021.3.27f1\Editor\Data\PlaybackEngines\AndroidPlayer\OpenJDK\jre\bin\nio.dll
0x00007ffa45270000 - 0x00007ffa45294000 	E:\UHE\2021.3.27f1\Editor\Data\PlaybackEngines\AndroidPlayer\OpenJDK\jre\bin\sunec.dll
0x00007ffa800b0000 - 0x00007ffa800c8000 	C:\WINDOWS\SYSTEM32\CRYPTSP.dll
0x00007ffa7f8b0000 - 0x00007ffa7f8e5000 	C:\WINDOWS\system32\rsaenh.dll
0x00007ffa7ff60000 - 0x00007ffa7ff89000 	C:\WINDOWS\SYSTEM32\USERENV.dll
0x00007ffa80230000 - 0x00007ffa80257000 	C:\WINDOWS\SYSTEM32\bcrypt.dll
0x00007ffa80940000 - 0x00007ffa809bf000 	C:\WINDOWS\System32\bcryptprimitives.dll
0x00007ffa800d0000 - 0x00007ffa800dc000 	C:\WINDOWS\SYSTEM32\CRYPTBASE.dll
0x00007ffa7f460000 - 0x00007ffa7f48d000 	C:\WINDOWS\SYSTEM32\IPHLPAPI.DLL
0x00007ffa82810000 - 0x00007ffa82819000 	C:\WINDOWS\System32\NSI.dll
0x00007ffa7a260000 - 0x00007ffa7a279000 	C:\WINDOWS\SYSTEM32\dhcpcsvc6.DLL
0x00007ffa7a4f0000 - 0x00007ffa7a50e000 	C:\WINDOWS\SYSTEM32\dhcpcsvc.DLL
0x00007ffa7f490000 - 0x00007ffa7f578000 	C:\WINDOWS\SYSTEM32\DNSAPI.dll
0x00007ffa66a30000 - 0x00007ffa66a3b000 	E:\UHE\2021.3.27f1\Editor\Data\PlaybackEngines\AndroidPlayer\OpenJDK\jre\bin\sunmscapi.dll
0x00007ffa80bd0000 - 0x00007ffa80d3a000 	C:\WINDOWS\System32\CRYPT32.dll
0x00007ffa77920000 - 0x00007ffa7792a000 	C:\Windows\System32\rasadhlp.dll
0x00007ffa77580000 - 0x00007ffa77602000 	C:\WINDOWS\System32\fwpuclnt.dll

VM Arguments:
jvm_args: -Dfile.encoding=UTF-8 -Dcom.android.sdklib.toolsdir=E:\UHE\2021.3.27f1\Editor\Data\PlaybackEngines\AndroidPlayer\SDK\tools\bin\\.. 
java_command: com.android.sdklib.tool.sdkmanager.SdkManagerCli --list
java_class_path (initial): E:\UHE\2021.3.27f1\Editor\Data\PlaybackEngines\AndroidPlayer\SDK\tools\bin\..\lib\dvlib-26.0.0-dev.jar;E:\UHE\2021.3.27f1\Editor\Data\PlaybackEngines\AndroidPlayer\SDK\tools\bin\..\lib\jimfs-1.1.jar;E:\UHE\2021.3.27f1\Editor\Data\PlaybackEngines\AndroidPlayer\SDK\tools\bin\..\lib\jsr305-1.3.9.jar;E:\UHE\2021.3.27f1\Editor\Data\PlaybackEngines\AndroidPlayer\SDK\tools\bin\..\lib\repository-26.0.0-dev.jar;E:\UHE\2021.3.27f1\Editor\Data\PlaybackEngines\AndroidPlayer\SDK\tools\bin\..\lib\j2objc-annotations-1.1.jar;E:\UHE\2021.3.27f1\Editor\Data\PlaybackEngines\AndroidPlayer\SDK\tools\bin\..\lib\layoutlib-api-26.0.0-dev.jar;E:\UHE\2021.3.27f1\Editor\Data\PlaybackEngines\AndroidPlayer\SDK\tools\bin\..\lib\gson-2.3.jar;E:\UHE\2021.3.27f1\Editor\Data\PlaybackEngines\AndroidPlayer\SDK\tools\bin\..\lib\httpcore-4.2.5.jar;E:\UHE\2021.3.27f1\Editor\Data\PlaybackEngines\AndroidPlayer\SDK\tools\bin\..\lib\commons-logging-1.1.1.jar;E:\UHE\2021.3.27f1\Editor\Data\PlaybackEngines\AndroidPlayer\SDK\tools\bin\..\lib\commons-compress-1.12.jar;E:\UHE\2021.3.27f1\Editor\Data\PlaybackEngines\AndroidPlayer\SDK\tools\bin\..\lib\annotations-26.0.0-dev.jar;E:\UHE\2021.3.27f1\Editor\Data\PlaybackEngines\AndroidPlayer\SDK\tools\bin\..\lib\error_prone_annotations-2.0.18.jar;E:\UHE\2021.3.27f1\Editor\Data\PlaybackEngines\AndroidPlayer\SDK\tools\bin\..\lib\animal-sniffer-annotations-1.14.jar;E:\UHE\2021.3.27f1\Editor\Data\PlaybackEngines\AndroidPlayer\SDK\tools\bin\..\lib\httpclient-4.2.6.jar;E:\UHE\2021.3.27f1\Editor\Data\PlaybackEngines\AndroidPlayer\SDK\tools\bin\..\lib\commons-codec-1.6.jar;E:\UHE\2021.3.27f1\Editor\Data\PlaybackEngines\AndroidPlayer\SDK\tools\bin\..\lib\common-26.0.0-dev.jar;E:\UHE\2021.3.27f1\Editor\Data\PlaybackEngines\AndroidPlayer\SDK\tools\bin\..\lib\kxml2-2.3.0.jar;E:\UHE\2021.3.27f1\Editor\Data\PlaybackEngines\AndroidPlayer\SDK\tools\bin\..\lib\httpmime-4.1.jar;E:\UHE\2021.3.27f1\Editor\Data\PlaybackEngines\AndroidPlayer\SDK\tools\bin\..\lib
Launcher Type: SUN_STANDARD

Environment Variables:
JAVA_HOME=E:\UHE\2021.3.27f1\Editor\Data\PlaybackEngines\AndroidPlayer\OpenJDK
JAVA_TOOL_OPTIONS=-Dfile.encoding=UTF-8
PATH=C:\Program Files\Microsoft\jdk-11.0.16.101-hotspot\bin;C:\WINDOWS\system32;C:\WINDOWS;C:\WINDOWS\System32\Wbem;C:\WINDOWS\System32\WindowsPowerShell\v1.0\;C:\WINDOWS\System32\OpenSSH\;C:\Program Files\dotnet\;C:\Users\Administratorist\AppData\Local\Microsoft\WindowsApps;C:\Users\Administratorist\.dotnet\tools
USERNAME=Administratorist
OS=Windows_NT
PROCESSOR_IDENTIFIER=Intel64 Family 6 Model 140 Stepping 1, GenuineIntel



---------------  S Y S T E M  ---------------

OS: Windows 10.0 , 64 bit Build 22000 (10.0.22000.1880)

CPU:total 8 (initial active 8) (4 cores per cpu, 2 threads per core) family 6 model 140 stepping 1, cmov, cx8, fxsr, mmx, sse, sse2, sse3, ssse3, sse4.1, sse4.2, popcnt, avx, avx2, aes, clmul, erms, 3dnowpref, lzcnt, ht, tsc, tscinvbit, bmi1, bmi2, adx

Memory: 4k page, physical 3853608k(22512k free), swap 13904548k(3384k free)

vm_info: OpenJDK 64-Bit Server VM (25.71-b00) for windows-amd64 JRE (1.8.0-adoptopenjdk-_2018_05_19_00_59-b00), built on May 19 2018 01:02:12 by "jenkins" with MS VC++ 10.0 (VS2010)

time: Sat Aug 12 09:23:26 2023
elapsed time: 3 seconds (0d 0h 0m 3s)

